2025-02-17 09:54:31,688 - 开始特征融合
2025-02-17 09:54:31,688 - 加载特征1: /home/linux/ShenGang/feature_extraction/results/adas_gt=15_all_result_test1/adas1_gt=15_error=3/features/reduced_feature.npy
2025-02-17 09:54:31,697 - 加载特征2: /home/linux/ShenGang/feature_extraction/results/adas_gt=15_all_result_test1/adas2_gt=15_error=3/features/train_features.npy
2025-02-17 09:54:31,698 - 特征1形状: (19762, 2)
2025-02-17 09:54:31,698 - 特征2形状: (19762, 2)
2025-02-17 09:54:31,739 - 开始特征融合模型训练...
2025-02-17 09:54:31,740 - 特征1权重: 0.6, 特征2权重: 0.4
2025-02-17 09:54:39,331 - Epoch [1/50] Loss: 0.501905 Std: 0.147050
2025-02-17 09:54:46,443 - Epoch [2/50] Loss: 0.500426 Std: 0.151841
2025-02-17 09:54:53,538 - Epoch [3/50] Loss: 0.500882 Std: 0.151158
2025-02-17 09:55:00,651 - Epoch [4/50] Loss: 0.500479 Std: 0.149817
2025-02-17 09:55:07,754 - Epoch [5/50] Loss: 0.500975 Std: 0.150323
2025-02-17 09:55:14,969 - Epoch [6/50] Loss: 0.501541 Std: 0.150534
2025-02-17 09:55:22,175 - Epoch [7/50] Loss: 0.500694 Std: 0.151521
2025-02-17 09:55:29,342 - Epoch [8/50] Loss: 0.500393 Std: 0.151403
2025-02-17 09:55:36,436 - Epoch [9/50] Loss: 0.500204 Std: 0.148420
2025-02-17 09:55:43,642 - Epoch [10/50] Loss: 0.500770 Std: 0.150977
2025-02-17 09:55:50,913 - Epoch [11/50] Loss: 0.500479 Std: 0.149242
2025-02-17 09:55:58,043 - Epoch [12/50] Loss: 0.500919 Std: 0.149691
2025-02-17 09:56:05,182 - Epoch [13/50] Loss: 0.500471 Std: 0.149235
2025-02-17 09:56:12,423 - Epoch [14/50] Loss: 0.500024 Std: 0.149580
2025-02-17 09:56:19,732 - Epoch [15/50] Loss: 0.500323 Std: 0.148782
2025-02-17 09:56:27,343 - Epoch [16/50] Loss: 0.500266 Std: 0.150026
2025-02-17 09:56:34,609 - Epoch [17/50] Loss: 0.501127 Std: 0.151216
2025-02-17 09:56:41,803 - Epoch [18/50] Loss: 0.500026 Std: 0.148886
2025-02-17 09:56:49,992 - Epoch [19/50] Loss: 0.500183 Std: 0.149310
2025-02-17 09:56:57,137 - Epoch [20/50] Loss: 0.500044 Std: 0.149861
2025-02-17 09:57:04,272 - Epoch [21/50] Loss: 0.499717 Std: 0.150588
2025-02-17 09:57:12,746 - Epoch [22/50] Loss: 0.500682 Std: 0.149006
2025-02-17 09:57:19,859 - Epoch [23/50] Loss: 0.499987 Std: 0.148306
2025-02-17 09:57:27,893 - Epoch [24/50] Loss: 0.500169 Std: 0.149952
2025-02-17 09:57:34,999 - Epoch [25/50] Loss: 0.500628 Std: 0.149509
2025-02-17 09:57:42,979 - Epoch [26/50] Loss: 0.499798 Std: 0.149889
2025-02-17 09:57:50,125 - Epoch [27/50] Loss: 0.500315 Std: 0.150000
2025-02-17 09:57:57,230 - Epoch [28/50] Loss: 0.500316 Std: 0.148285
2025-02-17 09:58:04,511 - Epoch [29/50] Loss: 0.499971 Std: 0.149281
2025-02-17 09:58:11,739 - Epoch [30/50] Loss: 0.499899 Std: 0.151407
2025-02-17 09:58:19,364 - Epoch [31/50] Loss: 0.501162 Std: 0.149356
2025-02-17 09:58:26,435 - Epoch [32/50] Loss: 0.499906 Std: 0.149898
2025-02-17 09:58:33,971 - Epoch [33/50] Loss: 0.499761 Std: 0.148770
2025-02-17 09:58:41,601 - Epoch [34/50] Loss: 0.500161 Std: 0.150545
2025-02-17 09:58:49,122 - Epoch [35/50] Loss: 0.499752 Std: 0.150820
2025-02-17 09:58:56,320 - Epoch [36/50] Loss: 0.499977 Std: 0.148528
2025-02-17 09:59:03,421 - Epoch [37/50] Loss: 0.499778 Std: 0.150136
2025-02-17 09:59:10,496 - Epoch [38/50] Loss: 0.499892 Std: 0.147781
2025-02-17 09:59:17,602 - Epoch [39/50] Loss: 0.500207 Std: 0.152070
2025-02-17 09:59:24,724 - Epoch [40/50] Loss: 0.499834 Std: 0.147182
2025-02-17 09:59:31,810 - Epoch [41/50] Loss: 0.500398 Std: 0.151559
2025-02-17 09:59:38,918 - Epoch [42/50] Loss: 0.500178 Std: 0.147903
2025-02-17 09:59:46,003 - Epoch [43/50] Loss: 0.500065 Std: 0.150076
2025-02-17 09:59:53,172 - Epoch [44/50] Loss: 0.500569 Std: 0.149515
2025-02-17 10:00:00,281 - Epoch [45/50] Loss: 0.499797 Std: 0.150070
2025-02-17 10:00:07,380 - Epoch [46/50] Loss: 0.499821 Std: 0.150373
2025-02-17 10:00:14,457 - Epoch [47/50] Loss: 0.500233 Std: 0.151204
2025-02-17 10:00:21,596 - Epoch [48/50] Loss: 0.500777 Std: 0.148636
2025-02-17 10:00:28,735 - Epoch [49/50] Loss: 0.500248 Std: 0.149751
2025-02-17 10:00:35,861 - Epoch [50/50] Loss: 0.500471 Std: 0.148808
2025-02-17 10:00:35,862 - 特征融合模型训练完成！
2025-02-17 10:00:35,877 - 融合特征形状: (19762, 2)
2025-02-17 10:00:35,877 - 融合特征均值: 7.331051
2025-02-17 10:00:35,877 - 融合特征标准差: 7.779008
2025-02-17 10:00:35,878 - 特征融合完成！
2025-02-17 10:00:35,878 - 融合后特征保存至: results/20250217_095431/fusion_features/fused_feature_real.npy
