2025-02-18 09:09:21,561 - 开始特征融合
2025-02-18 09:09:21,561 - 加载特征1: /home/linux/ShenGang/feature_extraction/results/adas_gt=15_all_result_test1/adas1_gt=15_error=3/features/reduced_feature.npy
2025-02-18 09:09:21,567 - 加载特征2: /home/linux/ShenGang/feature_extraction/results/adas_gt=15_all_result_test1/adas2_gt=15_error=3/features/train_features.npy
2025-02-18 09:09:21,567 - 特征1形状: (19762, 2)
2025-02-18 09:09:21,568 - 特征2形状: (19762, 2)
2025-02-18 09:09:21,579 - 开始特征融合模型训练...
2025-02-18 09:09:21,579 - 特征1权重: 0.55, 特征2权重: 0.45
2025-02-18 09:09:33,597 - Epoch [1/50] Loss: 0.488829 Std: 0.125681
2025-02-18 09:09:44,739 - Epoch [2/50] Loss: 0.477065 Std: 0.146642
2025-02-18 09:09:55,384 - Epoch [3/50] Loss: 0.474429 Std: 0.166724
2025-02-18 09:10:06,819 - Epoch [4/50] Loss: 0.474048 Std: 0.174426
2025-02-18 09:10:17,162 - Epoch [5/50] Loss: 0.474017 Std: 0.175237
2025-02-18 09:10:27,673 - Epoch [6/50] Loss: 0.474407 Std: 0.178860
2025-02-18 09:10:38,131 - Epoch [7/50] Loss: 0.474216 Std: 0.179443
2025-02-18 09:10:49,924 - Epoch [8/50] Loss: 0.473983 Std: 0.179008
2025-02-18 09:11:00,596 - Epoch [9/50] Loss: 0.474983 Std: 0.176323
2025-02-18 09:11:11,254 - Epoch [10/50] Loss: 0.473990 Std: 0.179359
2025-02-18 09:11:21,842 - Epoch [11/50] Loss: 0.474030 Std: 0.178963
2025-02-18 09:11:32,717 - Epoch [12/50] Loss: 0.473995 Std: 0.175561
2025-02-18 09:11:43,109 - Epoch [13/50] Loss: 0.474281 Std: 0.178739
2025-02-18 09:11:53,532 - Epoch [14/50] Loss: 0.473998 Std: 0.178727
2025-02-18 09:12:03,884 - Epoch [15/50] Loss: 0.474223 Std: 0.177621
2025-02-18 09:12:14,275 - Epoch [16/50] Loss: 0.474720 Std: 0.179211
2025-02-18 09:12:24,647 - Epoch [17/50] Loss: 0.474344 Std: 0.178654
2025-02-18 09:12:34,902 - Epoch [18/50] Loss: 0.474003 Std: 0.178168
2025-02-18 09:12:45,288 - Epoch [19/50] Loss: 0.474675 Std: 0.176584
2025-02-18 09:12:55,840 - Epoch [20/50] Loss: 0.474738 Std: 0.180433
2025-02-18 09:13:06,539 - Epoch [21/50] Loss: 0.474662 Std: 0.178711
2025-02-18 09:13:17,286 - Epoch [22/50] Loss: 0.473915 Std: 0.177407
2025-02-18 09:13:27,961 - Epoch [23/50] Loss: 0.474407 Std: 0.177143
2025-02-18 09:13:38,296 - Epoch [24/50] Loss: 0.474381 Std: 0.179165
2025-02-18 09:13:48,653 - Epoch [25/50] Loss: 0.475049 Std: 0.177406
2025-02-18 09:13:59,060 - Epoch [26/50] Loss: 0.474264 Std: 0.178047
2025-02-18 09:14:09,422 - Epoch [27/50] Loss: 0.473963 Std: 0.178562
2025-02-18 09:14:19,810 - Epoch [28/50] Loss: 0.474367 Std: 0.177946
2025-02-18 09:14:30,630 - Epoch [29/50] Loss: 0.473969 Std: 0.178483
2025-02-18 09:14:41,308 - Epoch [30/50] Loss: 0.473990 Std: 0.176570
2025-02-18 09:14:51,592 - Epoch [31/50] Loss: 0.474704 Std: 0.179410
2025-02-18 09:15:04,121 - Epoch [32/50] Loss: 0.474356 Std: 0.178379
2025-02-18 09:15:15,182 - Epoch [33/50] Loss: 0.474002 Std: 0.177772
2025-02-18 09:15:25,872 - Epoch [34/50] Loss: 0.474193 Std: 0.177158
2025-02-18 09:15:36,606 - Epoch [35/50] Loss: 0.473932 Std: 0.179347
2025-02-18 09:15:47,237 - Epoch [36/50] Loss: 0.474252 Std: 0.179106
2025-02-18 09:15:57,827 - Epoch [37/50] Loss: 0.474402 Std: 0.177123
2025-02-18 09:16:08,309 - Epoch [38/50] Loss: 0.474154 Std: 0.179148
2025-02-18 09:16:18,765 - Epoch [39/50] Loss: 0.475493 Std: 0.178956
2025-02-18 09:16:29,148 - Epoch [40/50] Loss: 0.474375 Std: 0.176810
2025-02-18 09:16:39,553 - Epoch [41/50] Loss: 0.474711 Std: 0.178385
2025-02-18 09:16:49,925 - Epoch [42/50] Loss: 0.474020 Std: 0.178422
2025-02-18 09:17:01,179 - Epoch [43/50] Loss: 0.474662 Std: 0.176374
2025-02-18 09:17:13,672 - Epoch [44/50] Loss: 0.474929 Std: 0.179966
2025-02-18 09:17:24,004 - Epoch [45/50] Loss: 0.474648 Std: 0.179509
2025-02-18 09:17:34,330 - Epoch [46/50] Loss: 0.474626 Std: 0.177456
2025-02-18 09:17:44,687 - Epoch [47/50] Loss: 0.474006 Std: 0.176945
2025-02-18 09:17:55,160 - Epoch [48/50] Loss: 0.475447 Std: 0.177264
2025-02-18 09:18:05,559 - Epoch [49/50] Loss: 0.474963 Std: 0.177793
2025-02-18 09:18:15,972 - Epoch [50/50] Loss: 0.475148 Std: 0.178125
2025-02-18 09:18:15,972 - 特征融合模型训练完成！
2025-02-18 09:18:15,993 - 融合特征形状: (19762, 2)
2025-02-18 09:18:15,993 - 融合特征均值: 7.338374
2025-02-18 09:18:15,994 - 融合特征标准差: 7.783255
2025-02-18 09:18:15,994 - 特征融合完成！
2025-02-18 09:18:15,994 - 融合后特征保存至: results/20250218_090921/fusion_features/fused_feature_real.npy
