2025-02-18 10:56:54,212 - 开始特征融合
2025-02-18 10:56:54,212 - 加载特征1: /home/linux/ShenGang/feature_extraction/results/adas_gt=15_all_result_test1/adas1_gt=15_error=3/features/reduced_feature.npy
2025-02-18 10:56:54,218 - 加载特征2: /home/linux/ShenGang/feature_extraction/results/adas_gt=15_all_result_test1/adas2_gt=15_error=3/features/train_features.npy
2025-02-18 10:56:54,218 - 特征1形状: (19762, 2)
2025-02-18 10:56:54,218 - 特征2形状: (19762, 2)
2025-02-18 10:56:54,250 - 开始特征融合模型训练...
2025-02-18 10:56:54,250 - 特征1权重: 0.55, 特征2权重: 0.45
2025-02-18 10:57:00,969 - Epoch [1/30] Loss: 0.491528 Std: 0.135180
2025-02-18 10:57:06,814 - Epoch [2/30] Loss: 0.489589 Std: 0.137726
2025-02-18 10:57:12,852 - Epoch [3/30] Loss: 0.489344 Std: 0.138096
2025-02-18 10:57:18,654 - Epoch [4/30] Loss: 0.489534 Std: 0.138072
2025-02-18 10:57:24,522 - Epoch [5/30] Loss: 0.489237 Std: 0.138958
2025-02-18 10:57:31,458 - Epoch [6/30] Loss: 0.489319 Std: 0.138461
2025-02-18 10:57:37,225 - Epoch [7/30] Loss: 0.489398 Std: 0.136407
2025-02-18 10:57:43,040 - Epoch [8/30] Loss: 0.489252 Std: 0.138126
2025-02-18 10:57:50,975 - Epoch [9/30] Loss: 0.489230 Std: 0.137701
2025-02-18 10:57:59,373 - Epoch [10/30] Loss: 0.489178 Std: 0.137318
2025-02-18 10:58:07,301 - Epoch [11/30] Loss: 0.489058 Std: 0.137513
2025-02-18 10:58:13,124 - Epoch [12/30] Loss: 0.488932 Std: 0.137769
2025-02-18 10:58:18,942 - Epoch [13/30] Loss: 0.488828 Std: 0.137241
2025-02-18 10:58:25,606 - Epoch [14/30] Loss: 0.489097 Std: 0.136759
2025-02-18 10:58:31,667 - Epoch [15/30] Loss: 0.488662 Std: 0.138286
2025-02-18 10:58:37,809 - Epoch [16/30] Loss: 0.488833 Std: 0.136682
2025-02-18 10:58:44,327 - Epoch [17/30] Loss: 0.488959 Std: 0.137287
2025-02-18 10:58:51,360 - Epoch [18/30] Loss: 0.488999 Std: 0.136872
2025-02-18 10:58:57,308 - Epoch [19/30] Loss: 0.488956 Std: 0.137496
2025-02-18 10:59:03,130 - Epoch [20/30] Loss: 0.488768 Std: 0.138458
2025-02-18 10:59:08,958 - Epoch [21/30] Loss: 0.489006 Std: 0.136632
2025-02-18 10:59:14,926 - Epoch [22/30] Loss: 0.488831 Std: 0.136942
2025-02-18 10:59:21,804 - Epoch [23/30] Loss: 0.488805 Std: 0.137245
2025-02-18 10:59:27,761 - Epoch [24/30] Loss: 0.488943 Std: 0.137839
2025-02-18 10:59:33,567 - Epoch [25/30] Loss: 0.489066 Std: 0.137511
2025-02-18 10:59:39,391 - Epoch [26/30] Loss: 0.488922 Std: 0.136982
2025-02-18 10:59:45,184 - Epoch [27/30] Loss: 0.488995 Std: 0.137158
2025-02-18 10:59:50,967 - Epoch [28/30] Loss: 0.488733 Std: 0.139426
2025-02-18 10:59:56,755 - Epoch [29/30] Loss: 0.488702 Std: 0.136831
2025-02-18 11:00:02,547 - Epoch [30/30] Loss: 0.488867 Std: 0.136001
2025-02-18 11:00:02,547 - 特征融合模型训练完成！
2025-02-18 11:00:02,592 - 融合特征形状: (19762, 2)
2025-02-18 11:00:02,592 - 融合特征均值: 7.329030
2025-02-18 11:00:02,592 - 融合特征标准差: 7.774916
2025-02-18 11:00:02,593 - 特征融合完成！
2025-02-18 11:00:02,593 - 融合后特征保存至: results/20250218_105654/fusion_features/fused_feature_real.npy
