2025-02-17 15:15:14,000 - 开始特征融合
2025-02-17 15:15:14,000 - 加载特征1: /home/linux/ShenGang/feature_extraction/results/adas_gt=15_all_result_test1/adas1_gt=15_error=3/features/reduced_feature.npy
2025-02-17 15:15:14,006 - 加载特征2: /home/linux/ShenGang/feature_extraction/results/adas_gt=15_all_result_test1/adas2_gt=15_error=3/features/train_features.npy
2025-02-17 15:15:14,007 - 特征1形状: (19762, 2)
2025-02-17 15:15:14,007 - 特征2形状: (19762, 2)
2025-02-17 15:15:14,017 - 开始特征融合模型训练...
2025-02-17 15:15:14,017 - 特征1权重: 0.5, 特征2权重: 0.5
2025-02-17 15:15:23,365 - Epoch [1/50] Loss: 0.473675 Std: 0.152837
2025-02-17 15:15:31,917 - Epoch [2/50] Loss: 0.465897 Std: 0.188214
2025-02-17 15:15:40,609 - Epoch [3/50] Loss: 0.465365 Std: 0.192239
2025-02-17 15:15:49,116 - Epoch [4/50] Loss: 0.465942 Std: 0.191669
2025-02-17 15:15:57,589 - Epoch [5/50] Loss: 0.465741 Std: 0.189294
2025-02-17 15:16:06,185 - Epoch [6/50] Loss: 0.466192 Std: 0.190708
2025-02-17 15:16:15,364 - Epoch [7/50] Loss: 0.465444 Std: 0.190864
2025-02-17 15:16:23,950 - Epoch [8/50] Loss: 0.465510 Std: 0.191668
2025-02-17 15:16:33,328 - Epoch [9/50] Loss: 0.466773 Std: 0.191744
2025-02-17 15:16:42,034 - Epoch [10/50] Loss: 0.466401 Std: 0.189827
2025-02-17 15:16:50,818 - Epoch [11/50] Loss: 0.465521 Std: 0.191339
2025-02-17 15:16:59,720 - Epoch [12/50] Loss: 0.465780 Std: 0.189265
2025-02-17 15:17:08,326 - Epoch [13/50] Loss: 0.465715 Std: 0.194003
2025-02-17 15:17:16,918 - Epoch [14/50] Loss: 0.466251 Std: 0.189672
2025-02-17 15:17:25,493 - Epoch [15/50] Loss: 0.465392 Std: 0.189711
2025-02-17 15:17:34,010 - Epoch [16/50] Loss: 0.465381 Std: 0.191924
2025-02-17 15:17:42,605 - Epoch [17/50] Loss: 0.465771 Std: 0.191906
2025-02-17 15:17:51,350 - Epoch [18/50] Loss: 0.465460 Std: 0.191332
2025-02-17 15:18:00,012 - Epoch [19/50] Loss: 0.465444 Std: 0.190153
2025-02-17 15:18:08,656 - Epoch [20/50] Loss: 0.465436 Std: 0.191025
2025-02-17 15:18:17,314 - Epoch [21/50] Loss: 0.465852 Std: 0.190820
2025-02-17 15:18:26,041 - Epoch [22/50] Loss: 0.465475 Std: 0.190740
2025-02-17 15:18:34,684 - Epoch [23/50] Loss: 0.465721 Std: 0.190810
2025-02-17 15:18:43,171 - Epoch [24/50] Loss: 0.465958 Std: 0.190467
2025-02-17 15:18:51,963 - Epoch [25/50] Loss: 0.466170 Std: 0.192608
2025-02-17 15:19:00,928 - Epoch [26/50] Loss: 0.465772 Std: 0.190222
2025-02-17 15:19:10,358 - Epoch [27/50] Loss: 0.466260 Std: 0.191005
2025-02-17 15:19:20,369 - Epoch [28/50] Loss: 0.465442 Std: 0.190788
2025-02-17 15:19:29,096 - Epoch [29/50] Loss: 0.465679 Std: 0.191526
2025-02-17 15:19:37,677 - Epoch [30/50] Loss: 0.465465 Std: 0.189458
2025-02-17 15:19:46,144 - Epoch [31/50] Loss: 0.465700 Std: 0.191053
2025-02-17 15:19:54,657 - Epoch [32/50] Loss: 0.465378 Std: 0.192260
2025-02-17 15:20:03,291 - Epoch [33/50] Loss: 0.465442 Std: 0.190017
2025-02-17 15:20:11,921 - Epoch [34/50] Loss: 0.465825 Std: 0.190191
2025-02-17 15:20:20,633 - Epoch [35/50] Loss: 0.465457 Std: 0.191501
2025-02-17 15:20:29,218 - Epoch [36/50] Loss: 0.465772 Std: 0.190278
2025-02-17 15:20:37,771 - Epoch [37/50] Loss: 0.465748 Std: 0.191463
2025-02-17 15:20:46,321 - Epoch [38/50] Loss: 0.465862 Std: 0.191517
2025-02-17 15:20:54,817 - Epoch [39/50] Loss: 0.465322 Std: 0.192415
2025-02-17 15:21:03,352 - Epoch [40/50] Loss: 0.465907 Std: 0.190808
2025-02-17 15:21:11,991 - Epoch [41/50] Loss: 0.466229 Std: 0.189562
2025-02-17 15:21:20,573 - Epoch [42/50] Loss: 0.465560 Std: 0.192331
2025-02-17 15:21:29,495 - Epoch [43/50] Loss: 0.465478 Std: 0.190120
2025-02-17 15:21:38,484 - Epoch [44/50] Loss: 0.466074 Std: 0.191639
2025-02-17 15:21:47,023 - Epoch [45/50] Loss: 0.465839 Std: 0.190694
2025-02-17 15:21:55,487 - Epoch [46/50] Loss: 0.465462 Std: 0.191241
2025-02-17 15:22:04,018 - Epoch [47/50] Loss: 0.466113 Std: 0.189564
2025-02-17 15:22:12,589 - Epoch [48/50] Loss: 0.466164 Std: 0.192281
2025-02-17 15:22:21,188 - Epoch [49/50] Loss: 0.466353 Std: 0.192579
2025-02-17 15:22:29,787 - Epoch [50/50] Loss: 0.465803 Std: 0.191711
2025-02-17 15:22:29,787 - 特征融合模型训练完成！
2025-02-17 15:22:29,821 - 融合特征形状: (19762, 2)
2025-02-17 15:22:29,821 - 融合特征均值: 7.316105
2025-02-17 15:22:29,821 - 融合特征标准差: 7.770472
2025-02-17 15:22:29,822 - 特征融合完成！
2025-02-17 15:22:29,822 - 融合后特征保存至: results/20250217_151513/fusion_features/fused_feature_real.npy
