2025-02-17 10:18:58,999 - 开始特征融合
2025-02-17 10:18:58,999 - 加载特征1: /home/linux/ShenGang/feature_extraction/results/adas_gt=15_all_result_test1/adas1_gt=15_error=3/features/reduced_feature.npy
2025-02-17 10:18:59,005 - 加载特征2: /home/linux/ShenGang/feature_extraction/results/adas_gt=15_all_result_test1/adas2_gt=15_error=3/features/train_features.npy
2025-02-17 10:18:59,006 - 特征1形状: (19762, 2)
2025-02-17 10:18:59,006 - 特征2形状: (19762, 2)
2025-02-17 10:18:59,015 - 开始特征融合模型训练...
2025-02-17 10:18:59,015 - 特征1权重: 0.55, 特征2权重: 0.45
2025-02-17 10:19:06,528 - Epoch [1/50] Loss: 0.479179 Std: 0.168910
2025-02-17 10:19:13,590 - Epoch [2/50] Loss: 0.477805 Std: 0.174611
2025-02-17 10:19:20,771 - Epoch [3/50] Loss: 0.478438 Std: 0.174858
2025-02-17 10:19:27,756 - Epoch [4/50] Loss: 0.477536 Std: 0.174472
2025-02-17 10:19:34,869 - Epoch [5/50] Loss: 0.478219 Std: 0.173152
2025-02-17 10:19:41,917 - Epoch [6/50] Loss: 0.477659 Std: 0.174537
2025-02-17 10:19:48,875 - Epoch [7/50] Loss: 0.477739 Std: 0.172349
2025-02-17 10:19:55,890 - Epoch [8/50] Loss: 0.477879 Std: 0.173298
2025-02-17 10:20:02,952 - Epoch [9/50] Loss: 0.477890 Std: 0.173751
2025-02-17 10:20:09,956 - Epoch [10/50] Loss: 0.477308 Std: 0.173271
2025-02-17 10:20:16,987 - Epoch [11/50] Loss: 0.477283 Std: 0.173725
2025-02-17 10:20:24,013 - Epoch [12/50] Loss: 0.477482 Std: 0.172716
2025-02-17 10:20:31,112 - Epoch [13/50] Loss: 0.477300 Std: 0.173568
2025-02-17 10:20:38,159 - Epoch [14/50] Loss: 0.477369 Std: 0.172691
2025-02-17 10:20:45,182 - Epoch [15/50] Loss: 0.476617 Std: 0.174833
2025-02-17 10:20:52,344 - Epoch [16/50] Loss: 0.475933 Std: 0.176010
2025-02-17 10:20:59,495 - Epoch [17/50] Loss: 0.476098 Std: 0.176281
2025-02-17 10:21:06,520 - Epoch [18/50] Loss: 0.476605 Std: 0.176992
2025-02-17 10:21:13,521 - Epoch [19/50] Loss: 0.475968 Std: 0.177928
2025-02-17 10:21:20,588 - Epoch [20/50] Loss: 0.477484 Std: 0.174260
2025-02-17 10:21:27,715 - Epoch [21/50] Loss: 0.476110 Std: 0.176328
2025-02-17 10:21:34,822 - Epoch [22/50] Loss: 0.476506 Std: 0.175940
2025-02-17 10:21:41,820 - Epoch [23/50] Loss: 0.475948 Std: 0.176368
2025-02-17 10:21:48,820 - Epoch [24/50] Loss: 0.476976 Std: 0.176393
2025-02-17 10:21:55,810 - Epoch [25/50] Loss: 0.476219 Std: 0.176633
2025-02-17 10:22:02,806 - Epoch [26/50] Loss: 0.476260 Std: 0.177666
2025-02-17 10:22:09,795 - Epoch [27/50] Loss: 0.476400 Std: 0.177101
2025-02-17 10:22:16,810 - Epoch [28/50] Loss: 0.475891 Std: 0.176219
2025-02-17 10:22:24,064 - Epoch [29/50] Loss: 0.476219 Std: 0.177358
2025-02-17 10:22:31,571 - Epoch [30/50] Loss: 0.476457 Std: 0.174033
2025-02-17 10:22:38,596 - Epoch [31/50] Loss: 0.475825 Std: 0.176785
2025-02-17 10:22:45,613 - Epoch [32/50] Loss: 0.476367 Std: 0.177154
2025-02-17 10:22:52,642 - Epoch [33/50] Loss: 0.475837 Std: 0.176941
2025-02-17 10:22:59,655 - Epoch [34/50] Loss: 0.476135 Std: 0.176185
2025-02-17 10:23:06,915 - Epoch [35/50] Loss: 0.476100 Std: 0.175739
2025-02-17 10:23:13,979 - Epoch [36/50] Loss: 0.477031 Std: 0.177923
2025-02-17 10:23:21,026 - Epoch [37/50] Loss: 0.475856 Std: 0.175926
2025-02-17 10:23:28,257 - Epoch [38/50] Loss: 0.476299 Std: 0.177608
2025-02-17 10:23:35,409 - Epoch [39/50] Loss: 0.476397 Std: 0.176627
2025-02-17 10:23:42,509 - Epoch [40/50] Loss: 0.476030 Std: 0.176249
2025-02-17 10:23:49,607 - Epoch [41/50] Loss: 0.476228 Std: 0.177332
2025-02-17 10:23:56,686 - Epoch [42/50] Loss: 0.475946 Std: 0.176451
2025-02-17 10:24:03,740 - Epoch [43/50] Loss: 0.476625 Std: 0.176022
2025-02-17 10:24:10,891 - Epoch [44/50] Loss: 0.476579 Std: 0.176454
2025-02-17 10:24:17,943 - Epoch [45/50] Loss: 0.476264 Std: 0.177436
2025-02-17 10:24:24,998 - Epoch [46/50] Loss: 0.476529 Std: 0.175699
2025-02-17 10:24:32,016 - Epoch [47/50] Loss: 0.475718 Std: 0.176006
2025-02-17 10:24:39,146 - Epoch [48/50] Loss: 0.476266 Std: 0.175865
2025-02-17 10:24:46,249 - Epoch [49/50] Loss: 0.476179 Std: 0.177920
2025-02-17 10:24:53,421 - Epoch [50/50] Loss: 0.475774 Std: 0.176730
2025-02-17 10:24:53,422 - 特征融合模型训练完成！
2025-02-17 10:24:53,438 - 融合特征形状: (19762, 2)
2025-02-17 10:24:53,438 - 融合特征均值: 7.327693
2025-02-17 10:24:53,438 - 融合特征标准差: 7.775328
2025-02-17 10:24:53,439 - 特征融合完成！
2025-02-17 10:24:53,439 - 融合后特征保存至: results/20250217_101858/fusion_features/fused_feature_real.npy
