2025-02-18 10:36:48,897 - 开始特征融合
2025-02-18 10:36:48,897 - 加载特征1: /home/linux/ShenGang/feature_extraction/results/adas_gt=15_all_result_test1/adas1_gt=15_error=3/features/reduced_feature.npy
2025-02-18 10:36:48,903 - 加载特征2: /home/linux/ShenGang/feature_extraction/results/adas_gt=15_all_result_test1/adas2_gt=15_error=3/features/train_features.npy
2025-02-18 10:36:48,903 - 特征1形状: (19762, 2)
2025-02-18 10:36:48,903 - 特征2形状: (19762, 2)
2025-02-18 10:36:48,941 - 开始特征融合模型训练...
2025-02-18 10:36:48,941 - 特征1权重: 0.6, 特征2权重: 0.4
2025-02-18 10:36:55,864 - Epoch [1/30] Loss: 0.508285 Std: 0.130633
2025-02-18 10:37:01,755 - Epoch [2/30] Loss: 0.505966 Std: 0.131865
2025-02-18 10:37:07,800 - Epoch [3/30] Loss: 0.506295 Std: 0.130984
2025-02-18 10:37:13,717 - Epoch [4/30] Loss: 0.506423 Std: 0.131145
2025-02-18 10:37:19,614 - Epoch [5/30] Loss: 0.506232 Std: 0.131303
2025-02-18 10:37:25,544 - Epoch [6/30] Loss: 0.506159 Std: 0.131561
2025-02-18 10:37:31,519 - Epoch [7/30] Loss: 0.505759 Std: 0.130113
2025-02-18 10:37:37,442 - Epoch [8/30] Loss: 0.505972 Std: 0.132666
2025-02-18 10:37:43,247 - Epoch [9/30] Loss: 0.506243 Std: 0.129653
2025-02-18 10:37:49,103 - Epoch [10/30] Loss: 0.505920 Std: 0.132308
2025-02-18 10:37:54,989 - Epoch [11/30] Loss: 0.505921 Std: 0.129859
2025-02-18 10:38:00,796 - Epoch [12/30] Loss: 0.505802 Std: 0.130591
2025-02-18 10:38:06,546 - Epoch [13/30] Loss: 0.505936 Std: 0.130900
2025-02-18 10:38:12,342 - Epoch [14/30] Loss: 0.505842 Std: 0.131630
2025-02-18 10:38:18,071 - Epoch [15/30] Loss: 0.505306 Std: 0.130616
2025-02-18 10:38:23,896 - Epoch [16/30] Loss: 0.505823 Std: 0.131693
2025-02-18 10:38:29,691 - Epoch [17/30] Loss: 0.506167 Std: 0.128833
2025-02-18 10:38:35,470 - Epoch [18/30] Loss: 0.505742 Std: 0.130668
2025-02-18 10:38:41,272 - Epoch [19/30] Loss: 0.505572 Std: 0.131795
2025-02-18 10:38:47,034 - Epoch [20/30] Loss: 0.505852 Std: 0.131126
2025-02-18 10:38:52,825 - Epoch [21/30] Loss: 0.505693 Std: 0.129346
2025-02-18 10:38:58,648 - Epoch [22/30] Loss: 0.506052 Std: 0.130651
2025-02-18 10:39:04,558 - Epoch [23/30] Loss: 0.505748 Std: 0.130227
2025-02-18 10:39:10,400 - Epoch [24/30] Loss: 0.505576 Std: 0.130303
2025-02-18 10:39:16,243 - Epoch [25/30] Loss: 0.505775 Std: 0.132308
2025-02-18 10:39:22,064 - Epoch [26/30] Loss: 0.505609 Std: 0.128964
2025-02-18 10:39:28,032 - Epoch [27/30] Loss: 0.505670 Std: 0.131140
2025-02-18 10:39:33,817 - Epoch [28/30] Loss: 0.505525 Std: 0.129638
2025-02-18 10:39:39,614 - Epoch [29/30] Loss: 0.505865 Std: 0.129349
2025-02-18 10:39:45,483 - Epoch [30/30] Loss: 0.505537 Std: 0.130859
2025-02-18 10:39:45,484 - 特征融合模型训练完成！
2025-02-18 10:39:45,528 - 融合特征形状: (19762, 2)
2025-02-18 10:39:45,528 - 融合特征均值: 7.341481
2025-02-18 10:39:45,528 - 融合特征标准差: 7.785300
2025-02-18 10:39:45,529 - 特征融合完成！
2025-02-18 10:39:45,529 - 融合后特征保存至: results/20250218_103648/fusion_features/fused_feature_real.npy
