2025-02-17 11:00:02,177 - 开始特征融合
2025-02-17 11:00:02,177 - 加载特征1: /home/linux/ShenGang/feature_extraction/results/adas_gt=15_all_result_test1/adas1_gt=15_error=3/features/reduced_feature.npy
2025-02-17 11:00:02,183 - 加载特征2: /home/linux/ShenGang/feature_extraction/results/adas_gt=15_all_result_test1/adas2_gt=15_error=3/features/train_features.npy
2025-02-17 11:00:02,183 - 特征1形状: (19762, 2)
2025-02-17 11:00:02,183 - 特征2形状: (19762, 2)
2025-02-17 11:00:02,194 - 开始特征融合模型训练...
2025-02-17 11:00:02,194 - 特征1权重: 0.75, 特征2权重: 0.25
2025-02-17 11:00:07,076 - Epoch [1/20] Loss: 0.616993 Std: 0.099017
2025-02-17 11:00:11,454 - Epoch [2/20] Loss: 0.612833 Std: 0.119834
2025-02-17 11:00:15,856 - Epoch [3/20] Loss: 0.613336 Std: 0.119503
2025-02-17 11:00:20,373 - Epoch [4/20] Loss: 0.612796 Std: 0.117909
2025-02-17 11:00:24,777 - Epoch [5/20] Loss: 0.612920 Std: 0.121305
2025-02-17 11:00:29,209 - Epoch [6/20] Loss: 0.612766 Std: 0.116345
2025-02-17 11:00:33,642 - Epoch [7/20] Loss: 0.612235 Std: 0.121979
2025-02-17 11:00:38,018 - Epoch [8/20] Loss: 0.613204 Std: 0.123265
2025-02-17 11:00:42,369 - Epoch [9/20] Loss: 0.612563 Std: 0.118326
2025-02-17 11:00:46,756 - Epoch [10/20] Loss: 0.612842 Std: 0.117572
2025-02-17 11:00:51,214 - Epoch [11/20] Loss: 0.612172 Std: 0.118547
2025-02-17 11:00:55,646 - Epoch [12/20] Loss: 0.612502 Std: 0.117349
2025-02-17 11:01:00,114 - Epoch [13/20] Loss: 0.612110 Std: 0.116751
2025-02-17 11:01:04,559 - Epoch [14/20] Loss: 0.613040 Std: 0.122322
2025-02-17 11:01:08,939 - Epoch [15/20] Loss: 0.612338 Std: 0.118843
2025-02-17 11:01:13,309 - Epoch [16/20] Loss: 0.614424 Std: 0.108869
2025-02-17 11:01:17,681 - Epoch [17/20] Loss: 0.614463 Std: 0.107379
2025-02-17 11:01:22,105 - Epoch [18/20] Loss: 0.614370 Std: 0.108389
2025-02-17 11:01:26,469 - Epoch [19/20] Loss: 0.614860 Std: 0.107948
2025-02-17 11:01:30,843 - Epoch [20/20] Loss: 0.614626 Std: 0.109445
2025-02-17 11:01:30,843 - 特征融合模型训练完成！
2025-02-17 11:01:30,873 - 融合特征形状: (19762, 2)
2025-02-17 11:01:30,874 - 融合特征均值: 7.334910
2025-02-17 11:01:30,874 - 融合特征标准差: 7.781988
2025-02-17 11:01:30,875 - 特征融合完成！
2025-02-17 11:01:30,875 - 融合后特征保存至: results/20250217_110002/fusion_features/fused_feature_real.npy
